<?xml version="1.0" encoding="UTF-8"?>
<!-- Generated by org.testng.reporters.JUnitReportReporter -->
<testsuite skipped="0" hostname="anils-MBP" name="seleniumMetohds.B_use_of_get_method" tests="1" failures="0" timestamp="2022-06-29T08:54:54 EDT" time="0.140" errors="0">
  <testcase name="loginButtonTest" time="0.140" classname="seleniumMetohds.B_use_of_get_method"/>
  <system-out/>
</testsuite> <!-- seleniumMetohds.B_use_of_get_method -->
