<?xml version="1.0" encoding="UTF-8"?>
<!-- Generated by org.testng.reporters.JUnitReportReporter -->
<testsuite skipped="0" hostname="anils-MBP" name="Task13.TestNG" tests="1" failures="0" timestamp="2022-06-29T10:06:35 EDT" time="8.457" errors="0">
  <testcase name="urlTest" time="8.457" classname="Task13.TestNG"/>
  <system-out/>
</testsuite> <!-- Task13.TestNG -->
